Arguments: 
  C:\Program Files\nodejs\node.exe C:\Users\Gael-PC\AppData\Roaming\npm\node_modules\yarn\bin\yarn.js add react-native-push-notification

PATH: 
  C:\Program Files\Common Files\Oracle\Java\javapath;C:\Windows\system32;C:\Windows;C:\Windows\System32\Wbem;C:\Windows\System32\WindowsPowerShell\v1.0\;C:\Windows\System32\OpenSSH\;C:\Program Files\nodejs\;C:\Program Files\Git\cmd;C:\ProgramData\ComposerSetup\bin;C:\laragon\bin\php\php-7.4.11-Win32-vc15-x64;C:\Program Files\Java\jdk1.8.0_301\bin;C:\Program Files\Amazon\AWSCLIV2\;C:\Users\Gael-PC\.windows-build-tools\python27\;C:\laragon\bin;C:\laragon\bin\apache\httpd-2.4.35-win64-VC15\bin;C:\laragon\bin\composer;C:\laragon\bin\git\bin;C:\laragon\bin\git\cmd;C:\laragon\bin\git\mingw64\bin;C:\laragon\bin\git\usr\bin;C:\laragon\bin\laragon\utils;C:\laragon\bin\mysql\mysql-5.7.24-winx64\bin;C:\laragon\bin\nginx\nginx-1.16.0;C:\laragon\bin\ngrok;C:\laragon\bin\nodejs\node-v12;C:\laragon\bin\notepad++;C:\laragon\bin\php\php-7.4.11-Win32-vc15-x64;C:\laragon\bin\putty;C:\laragon\bin\redis\redis-x64-3.2.100;C:\laragon\bin\telnet;C:\laragon\usr\bin;C:\Users\Gael-PC\AppData\Local\Yarn\config\global\node_modules\.bin;C:\Users\Gael-PC\AppData\Roaming\Composer\vendor\bin;C:\Users\Gael-PC\AppData\Roaming\npm;C:\Users\Gael-PC\AppData\Local\Microsoft\WindowsApps;C:\Users\Gael-PC\AppData\Local\Programs\Microsoft VS Code\bin;C:\src\flutter\bin;C:\Program Files\Java\jdk1.8.0_301\bin;

Yarn version: 
  1.22.10

Node version: 
  14.15.4

Platform: 
  win32 x64

Trace: 
  Error: EPERM: operation not permitted, unlink 'C:\Users\Gael-PC\Documents\data-collect-app-mobile\node_modules\@babel\helper-compilation-targets\node_modules\.bin'

npm manifest: 
  {
    "name": "data-collect-app-mobile",
    "version": "1.0.0",
    "main": "node_modules/expo/AppEntry.js",
    "scripts": {
      "start": "expo start",
      "android": "expo start --android",
      "ios": "expo start --ios",
      "web": "expo start --web",
      "eject": "expo eject"
    },
    "dependencies": {
      "@expo/vector-icons": "^13.0.0",
      "@react-native-async-storage/async-storage": "~1.17.3",
      "@react-native-community/netinfo": "^8.3.0",
      "@react-navigation/drawer": "^6.4.1",
      "@react-navigation/native": "^6.0.10",
      "@react-navigation/native-stack": "^6.6.2",
      "@reduxjs/toolkit": "^1.8.2",
      "axios": "^0.27.2",
      "expo": "~45.0.0",
      "expo-status-bar": "~1.3.0",
      "prop-types": "^15.8.1",
      "react": "17.0.2",
      "react-dom": "17.0.2",
      "react-hook-form": "^7.31.2",
      "react-native": "0.68.2",
      "react-native-dotenv": "^3.3.1",
      "react-native-gesture-handler": "~2.2.1",
      "react-native-paper": "^4.12.1",
      "react-native-reanimated": "^2.8.0",
      "react-native-safe-area-context": "4.2.4",
      "react-native-screens": "~3.11.1",
      "react-native-shadow-2": "^6.0.5",
      "react-native-svg": "^12.3.0",
      "react-native-web": "0.17.7",
      "react-redux": "^8.0.2",
      "redux": "^4.2.0",
      "redux-persist": "^6.0.0"
    },
    "devDependencies": {
      "@babel/core": "^7.12.9"
    },
    "private": true
  }

yarn manifest: 
  No manifest

Lockfile: 
  No lockfile
